<?xml version="1.0" encoding="UTF-8"?>
<!-- Generated by org.testng.reporters.JUnitReportReporter -->
<testsuite hostname="Rahul_P" name="com.linkedIn.loginPage.Index.LoginPageIndex" tests="1" failures="0" timestamp="25 Dec 2014 10:36:07 GMT" time="22.896" errors="0">
  <testcase name="verifyRegisterPage" time="22.896" classname="com.linkedIn.loginPage.Index.LoginPageIndex"/>
</testsuite> <!-- com.linkedIn.loginPage.Index.LoginPageIndex -->
